2023-09-19 19:25:14,259 - INFO: Remediation script started.
2023-09-19 19:27:55,829 - INFO: Remediation script started.
2023-09-19 19:28:07,596 - INFO: Remediated RBAC ClusterRole 'system:controller:pvc-protection-controller'
2023-09-19 19:28:15,811 - INFO: Remediated RBAC ClusterRole 'system:controller:replicaset-controller'
2023-09-19 19:28:32,484 - INFO: Remediated RBAC ClusterRole 'system:controller:replication-controller'
2023-09-19 19:28:48,757 - INFO: Remediated RBAC ClusterRole 'system:controller:resourcequota-controller'
2023-09-19 19:28:57,253 - INFO: Remediated RBAC ClusterRole 'system:controller:root-ca-cert-publisher'
2023-09-19 19:29:01,651 - INFO: Remediated RBAC ClusterRole 'system:controller:route-controller'
2023-09-19 19:29:09,994 - INFO: Remediated RBAC ClusterRole 'system:controller:service-account-controller'
2023-09-19 19:29:14,310 - INFO: Remediated RBAC ClusterRole 'system:controller:service-controller'
2023-09-19 19:29:28,563 - INFO: Remediated RBAC ClusterRole 'system:controller:statefulset-controller'
2023-09-19 19:30:05,082 - INFO: Remediated RBAC ClusterRole 'system:controller:ttl-after-finished-controller'
2023-09-19 19:30:09,592 - INFO: Remediated RBAC ClusterRole 'system:controller:ttl-controller'
2023-09-19 19:30:13,860 - INFO: Remediated RBAC ClusterRole 'system:coredns'
2023-09-19 19:30:24,339 - INFO: Remediated RBAC ClusterRole 'system:discovery'
2023-09-19 19:30:24,644 - INFO: Remediated RBAC ClusterRole 'system:heapster'
2023-09-19 19:30:29,553 - INFO: Remediated RBAC ClusterRole 'system:kube-aggregator'
2023-09-19 19:30:30,066 - INFO: Remediated RBAC ClusterRole 'system:kube-controller-manager'
2023-09-19 19:31:25,232 - INFO: Remediated RBAC ClusterRole 'system:kube-dns'
2023-09-19 19:31:25,729 - INFO: Remediated RBAC ClusterRole 'system:kube-scheduler'
2023-09-19 19:32:51,381 - INFO: Remediated RBAC ClusterRole 'system:kubelet-api-admin'
2023-09-19 19:33:00,331 - INFO: Remediated RBAC ClusterRole 'system:monitoring'
2023-09-19 19:33:00,859 - INFO: Remediated RBAC ClusterRole 'system:node'
2023-09-19 19:34:29,544 - INFO: Remediated RBAC ClusterRole 'system:node-bootstrapper'
2023-09-19 19:34:29,922 - INFO: Remediated RBAC ClusterRole 'system:node-problem-detector'
2023-09-19 19:34:38,311 - INFO: Remediated RBAC ClusterRole 'system:node-proxier'
2023-09-19 19:34:50,793 - INFO: Remediated RBAC ClusterRole 'system:persistent-volume-provisioner'
2023-09-19 19:35:07,472 - INFO: Remediated RBAC ClusterRole 'system:public-info-viewer'
2023-09-19 19:35:07,787 - INFO: Remediated RBAC ClusterRole 'system:service-account-issuer-discovery'
2023-09-19 19:35:08,090 - INFO: Remediated RBAC ClusterRole 'system:volume-scheduler'
2023-09-19 19:35:16,479 - INFO: Remediated RBAC ClusterRole 'vpc-resource-controller-role'
2023-09-19 19:35:44,510 - INFO: Remediation script completed.
2023-09-19 19:44:16,217 - INFO: Remediated insecure image for Pod 'pod1'
2023-09-19 19:44:16,898 - INFO: Remediated RBAC ClusterRole 'cluster-role'
2023-09-19 19:51:29,978 - INFO: Remediated RBAC ClusterRole 'cluster-role'
2023-09-19 20:39:25,004 - INFO: Remediated RBAC ClusterRole 'cluster-role'
2023-09-19 20:54:27,332 - INFO: Remediated insecure image for Pod 'pod1'
2023-09-19 20:54:28,004 - INFO: Remediated RBAC ClusterRole 'cluster-role'
2023-09-20 09:37:20,531 - INFO: Remediated insecure image for Pod 'pod1'
2023-09-20 09:37:21,415 - INFO: Remediated RBAC ClusterRole 'cluster-role'
2023-09-20 09:58:33,595 - INFO: Remediated insecure image for Pod 'pod1'
2023-09-20 09:58:34,283 - INFO: Remediated RBAC ClusterRole 'cluster-role'
2023-09-20 10:06:55,071 - INFO: Remediation script started.
2023-09-20 10:07:07,465 - INFO: Remediated RBAC ClusterRole 'admin'
2023-09-20 10:10:13,352 - INFO: Remediation script started.
2023-09-20 10:10:26,369 - INFO: Remediated RBAC ClusterRole 'admin'
2023-09-20 11:31:42,245 - INFO: Remediation script started.
2023-09-20 11:31:55,659 - INFO: Remediated RBAC ClusterRole 'admin'
2023-09-20 11:59:00,124 - INFO: Remediated RBAC ClusterRole 'cluster-admin'
2023-09-20 11:59:04,731 - INFO: Remediated RBAC ClusterRole 'edit'
2023-09-20 12:24:45,474 - INFO: Remediated RBAC ClusterRole 'eks:az-poller'
2023-09-20 12:24:45,782 - INFO: Remediated RBAC ClusterRole 'eks:certificate-controller-approver'
2023-09-20 12:24:46,090 - INFO: Remediated RBAC ClusterRole 'eks:certificate-controller-signer'
2023-09-20 12:24:46,374 - INFO: Remediated RBAC ClusterRole 'eks:cloud-controller-manager'
2023-09-20 12:25:22,418 - INFO: Remediated RBAC ClusterRole 'eks:cloud-provider-extraction-migration'
2023-09-20 12:25:26,717 - INFO: Remediated RBAC ClusterRole 'eks:cloudwatch-agent-role'
2023-09-20 12:25:43,496 - INFO: Remediated RBAC ClusterRole 'eks:cluster-event-watcher'
2023-09-20 12:25:43,805 - INFO: Remediated RBAC ClusterRole 'eks:fargate-manager'
2023-09-20 12:25:52,708 - INFO: Remediated RBAC ClusterRole 'eks:fargate-scheduler'
2023-09-20 12:26:25,660 - INFO: Remediated RBAC ClusterRole 'eks:k8s-metrics'
2023-09-20 12:26:33,955 - INFO: Remediated RBAC ClusterRole 'eks:node-manager'
2023-09-20 12:26:46,328 - INFO: Remediated RBAC ClusterRole 'eks:nodewatcher'
2023-09-20 12:26:46,647 - INFO: Remediated RBAC ClusterRole 'eks:pod-identity-mutating-webhook'
2023-09-20 12:26:46,943 - INFO: Remediated RBAC ClusterRole 'eks:service-operations'
2023-09-20 12:28:08,157 - INFO: Remediated RBAC ClusterRole 'eks:tagging-controller'
2023-09-20 12:28:08,437 - INFO: Remediated RBAC ClusterRole 'system:aggregate-to-admin'
2023-09-20 12:29:19,635 - INFO: Remediated RBAC ClusterRole 'system:aggregate-to-edit'
2023-09-20 12:43:47,410 - INFO: Remediated RBAC ClusterRole 'system:aggregate-to-view'
2023-09-20 12:55:10,294 - INFO: Remediated RBAC ClusterRole 'system:auth-delegator'
2023-09-20 12:55:14,486 - INFO: Remediated RBAC ClusterRole 'system:basic-user'
2023-09-20 12:55:18,776 - INFO: Remediated RBAC ClusterRole 'system:certificates.k8s.io:certificatesigningrequests:nodeclient'
2023-09-20 12:55:19,094 - INFO: Remediated RBAC ClusterRole 'system:certificates.k8s.io:certificatesigningrequests:selfnodeclient'
2023-09-20 12:55:19,375 - INFO: Remediated RBAC ClusterRole 'system:certificates.k8s.io:kube-apiserver-client-approver'
2023-09-20 12:55:19,669 - INFO: Remediated RBAC ClusterRole 'system:certificates.k8s.io:kube-apiserver-client-kubelet-approver'
2023-09-20 12:55:20,008 - INFO: Remediated RBAC ClusterRole 'system:certificates.k8s.io:kubelet-serving-approver'
2023-09-20 12:55:20,285 - INFO: Remediated RBAC ClusterRole 'system:certificates.k8s.io:legacy-unknown-approver'
2023-09-20 12:55:20,574 - INFO: Remediated RBAC ClusterRole 'system:controller:attachdetach-controller'
2023-09-20 12:57:09,203 - INFO: Remediated RBAC ClusterRole 'system:controller:certificate-controller'
2023-09-20 12:58:20,422 - INFO: Remediated RBAC ClusterRole 'system:controller:clusterrole-aggregation-controller'
2023-09-20 12:58:42,838 - INFO: Remediated RBAC ClusterRole 'system:controller:cronjob-controller'
2023-09-20 13:00:07,308 - INFO: Remediated RBAC ClusterRole 'system:controller:daemon-set-controller'
2023-09-20 13:02:07,400 - INFO: Remediated RBAC ClusterRole 'system:controller:deployment-controller'
2023-09-20 13:04:27,495 - INFO: Remediated RBAC ClusterRole 'system:controller:disruption-controller'
2023-09-20 13:06:19,352 - INFO: Remediated RBAC ClusterRole 'system:controller:endpoint-controller'
2023-09-20 13:07:30,676 - INFO: Remediated RBAC ClusterRole 'system:controller:endpointslice-controller'
2023-09-20 13:08:52,134 - INFO: Remediated RBAC ClusterRole 'system:controller:endpointslicemirroring-controller'
2023-09-20 13:10:04,460 - INFO: Remediated RBAC ClusterRole 'system:controller:ephemeral-volume-controller'
2023-09-20 13:10:56,987 - INFO: Remediated RBAC ClusterRole 'system:controller:expand-controller'
2023-09-20 13:12:23,561 - INFO: Remediated RBAC ClusterRole 'system:controller:generic-garbage-collector'
2023-09-20 13:13:07,884 - INFO: Remediated RBAC ClusterRole 'system:controller:horizontal-pod-autoscaler'
2023-09-20 13:14:24,316 - INFO: Remediated RBAC ClusterRole 'system:controller:job-controller'
2023-09-20 13:15:32,928 - INFO: Remediated RBAC ClusterRole 'system:controller:namespace-controller'
2023-09-20 13:16:09,407 - INFO: Remediated RBAC ClusterRole 'system:controller:node-controller'
2023-09-20 13:17:09,793 - INFO: Remediated RBAC ClusterRole 'system:controller:persistent-volume-binder'
2023-09-20 13:19:33,770 - INFO: Remediated RBAC ClusterRole 'system:controller:pod-garbage-collector'
2023-09-20 13:19:50,142 - INFO: Remediated RBAC ClusterRole 'system:controller:pv-protection-controller'
2023-09-20 13:20:27,195 - INFO: Remediated RBAC ClusterRole 'system:controller:pvc-protection-controller'
2023-09-20 13:21:15,804 - INFO: Remediated RBAC ClusterRole 'system:controller:replicaset-controller'
2023-09-20 13:22:45,645 - INFO: Remediated RBAC ClusterRole 'system:controller:replication-controller'
2023-09-20 13:23:50,832 - INFO: Remediated RBAC ClusterRole 'system:controller:resourcequota-controller'
2023-09-20 13:24:23,271 - INFO: Remediated RBAC ClusterRole 'system:controller:root-ca-cert-publisher'
2023-09-20 13:24:51,673 - INFO: Remediated RBAC ClusterRole 'system:controller:route-controller'
2023-09-20 13:25:24,016 - INFO: Remediated RBAC ClusterRole 'system:controller:service-account-controller'
2023-09-20 13:25:48,109 - INFO: Remediated RBAC ClusterRole 'system:controller:service-controller'
2023-09-20 13:26:36,203 - INFO: Remediated RBAC ClusterRole 'system:controller:statefulset-controller'
2023-09-20 13:28:20,586 - INFO: Remediated RBAC ClusterRole 'system:controller:ttl-after-finished-controller'
2023-09-20 13:28:57,425 - INFO: Remediated RBAC ClusterRole 'system:controller:ttl-controller'
2023-09-20 13:29:34,576 - INFO: Remediated RBAC ClusterRole 'system:discovery'
2023-09-20 13:30:15,510 - INFO: Remediated RBAC ClusterRole 'system:heapster'
2023-09-20 13:31:12,820 - INFO: Remediated RBAC ClusterRole 'system:kube-aggregator'
2023-09-20 13:31:33,382 - INFO: Remediated RBAC ClusterRole 'system:kube-controller-manager'
2023-09-20 13:33:14,080 - INFO: Remediated RBAC ClusterRole 'system:kube-dns'
2023-09-20 13:33:26,358 - INFO: Remediated RBAC ClusterRole 'system:kube-scheduler'
2023-09-20 13:37:28,394 - INFO: Remediated RBAC ClusterRole 'system:kubelet-api-admin'
2023-09-20 13:38:00,510 - INFO: Remediated RBAC ClusterRole 'system:monitoring'
2023-09-20 13:38:25,789 - INFO: Remediated RBAC ClusterRole 'system:node'
2023-09-20 13:42:18,870 - INFO: Remediated RBAC ClusterRole 'system:node-bootstrapper'
2023-09-20 13:42:30,982 - INFO: Remediated RBAC ClusterRole 'system:node-problem-detector'
2023-09-20 13:42:59,530 - INFO: Remediated RBAC ClusterRole 'system:node-proxier'
2023-09-20 13:59:58,565 - WARNING: Retrying (Retry(total=2, connect=None, read=None, redirect=None, status=None)) after connection broken by 'ProtocolError('Connection aborted.', RemoteDisconnected('Remote end closed connection without response'))': /apis/rbac.authorization.k8s.io/v1/clusterroles/system%3Anode-proxier
2023-09-20 14:00:18,581 - WARNING: Retrying (Retry(total=1, connect=None, read=None, redirect=None, status=None)) after connection broken by 'NewConnectionError('<urllib3.connection.HTTPSConnection object at 0x7fb3634dcc10>: Failed to establish a new connection: [Errno -3] Temporary failure in name resolution')': /apis/rbac.authorization.k8s.io/v1/clusterroles/system%3Anode-proxier
2023-09-20 14:00:38,601 - WARNING: Retrying (Retry(total=0, connect=None, read=None, redirect=None, status=None)) after connection broken by 'NewConnectionError('<urllib3.connection.HTTPSConnection object at 0x7fb3634ddb90>: Failed to establish a new connection: [Errno -3] Temporary failure in name resolution')': /apis/rbac.authorization.k8s.io/v1/clusterroles/system%3Anode-proxier
2023-09-20 14:00:45,195 - ERROR: Failed to remediate RBAC ClusterRole 'system:node-proxier': (401)
Reason: Unauthorized
HTTP response headers: HTTPHeaderDict({'Audit-Id': '1553795d-65e2-4a14-a28b-2c42f93c610d', 'Cache-Control': 'no-cache, private', 'Content-Type': 'application/json', 'Date': 'Wed, 20 Sep 2023 13:00:45 GMT', 'Content-Length': '129'})
HTTP response body: {"kind":"Status","apiVersion":"v1","metadata":{},"status":"Failure","message":"Unauthorized","reason":"Unauthorized","code":401}


2023-09-20 15:38:49,664 - INFO: Remediation script started.
2023-09-20 15:39:06,327 - INFO: Remediated RBAC ClusterRole 'system:persistent-volume-provisioner'
2023-09-20 15:40:21,850 - INFO: Remediated RBAC ClusterRole 'system:public-info-viewer'
2023-09-20 15:40:38,193 - INFO: Remediated RBAC ClusterRole 'system:service-account-issuer-discovery'
2023-09-20 15:40:42,480 - INFO: Remediated RBAC ClusterRole 'system:volume-scheduler'
2023-09-20 15:41:41,359 - INFO: Remediated RBAC ClusterRole 'vpc-resource-controller-role'
2023-09-20 15:41:52,737 - WARNING: Retrying (Retry(total=2, connect=None, read=None, redirect=None, status=None)) after connection broken by 'NewConnectionError('<urllib3.connection.HTTPSConnection object at 0x7f065973dbd0>: Failed to establish a new connection: [Errno 111] Connection refused')': /apis/rbac.authorization.k8s.io/v1/clusterroles/vpc-resource-controller-role
2023-09-20 15:41:53,330 - WARNING: Retrying (Retry(total=1, connect=None, read=None, redirect=None, status=None)) after connection broken by 'NewConnectionError('<urllib3.connection.HTTPSConnection object at 0x7f065974ce90>: Failed to establish a new connection: [Errno 111] Connection refused')': /apis/rbac.authorization.k8s.io/v1/clusterroles/vpc-resource-controller-role
2023-09-20 15:41:53,936 - WARNING: Retrying (Retry(total=0, connect=None, read=None, redirect=None, status=None)) after connection broken by 'NewConnectionError('<urllib3.connection.HTTPSConnection object at 0x7f065974e510>: Failed to establish a new connection: [Errno 111] Connection refused')': /apis/rbac.authorization.k8s.io/v1/clusterroles/vpc-resource-controller-role
2023-09-20 15:43:36,238 - INFO: Remediation script started.
2023-09-20 15:43:46,139 - INFO: Remediated RBAC ClusterRole 'admin'
2023-09-20 16:11:05,081 - INFO: Remediated RBAC ClusterRole 'cluster-admin'
2023-09-20 16:11:09,313 - INFO: Remediated RBAC ClusterRole 'edit'
2023-09-20 16:37:19,679 - INFO: Remediated RBAC ClusterRole 'system:aggregate-to-admin'
2023-09-20 16:38:33,666 - INFO: Remediated RBAC ClusterRole 'system:aggregate-to-edit'
2023-09-20 16:53:08,534 - INFO: Remediated RBAC ClusterRole 'system:aggregate-to-view'
2023-09-20 17:04:29,597 - INFO: Remediated RBAC ClusterRole 'system:auth-delegator'
2023-09-20 17:04:33,905 - INFO: Remediated RBAC ClusterRole 'system:basic-user'
2023-09-20 17:04:38,312 - INFO: Remediated RBAC ClusterRole 'system:certificates.k8s.io:certificatesigningrequests:nodeclient'
2023-09-20 17:04:38,605 - INFO: Remediated RBAC ClusterRole 'system:certificates.k8s.io:certificatesigningrequests:selfnodeclient'
2023-09-20 17:04:39,037 - INFO: Remediated RBAC ClusterRole 'system:certificates.k8s.io:kube-apiserver-client-approver'
2023-09-20 17:04:39,417 - INFO: Remediated RBAC ClusterRole 'system:certificates.k8s.io:kube-apiserver-client-kubelet-approver'
2023-09-20 17:04:39,822 - INFO: Remediated RBAC ClusterRole 'system:certificates.k8s.io:kubelet-serving-approver'
2023-09-20 17:04:40,132 - INFO: Remediated RBAC ClusterRole 'system:certificates.k8s.io:legacy-unknown-approver'
2023-09-20 17:04:40,637 - INFO: Remediated RBAC ClusterRole 'system:controller:attachdetach-controller'
2023-09-20 17:06:31,374 - INFO: Remediated RBAC ClusterRole 'system:controller:certificate-controller'
2023-09-20 17:07:40,244 - INFO: Remediated RBAC ClusterRole 'system:controller:clusterrole-aggregation-controller'
2023-09-20 17:08:02,346 - INFO: Remediated RBAC ClusterRole 'system:controller:cronjob-controller'
2023-09-20 17:09:22,380 - INFO: Remediated RBAC ClusterRole 'system:controller:daemon-set-controller'
2023-09-20 17:11:24,746 - INFO: Remediated RBAC ClusterRole 'system:controller:deployment-controller'
2023-09-20 17:13:46,615 - INFO: Remediated RBAC ClusterRole 'system:controller:disruption-controller'
2023-09-20 17:15:40,302 - INFO: Remediated RBAC ClusterRole 'system:controller:endpoint-controller'
2023-09-20 17:16:50,403 - INFO: Remediated RBAC ClusterRole 'system:controller:endpointslice-controller'
2023-09-20 17:18:10,350 - INFO: Remediated RBAC ClusterRole 'system:controller:endpointslicemirroring-controller'
2023-09-20 17:19:24,342 - INFO: Remediated RBAC ClusterRole 'system:controller:ephemeral-volume-controller'
2023-09-20 17:20:17,741 - INFO: Remediated RBAC ClusterRole 'system:controller:expand-controller'
2023-09-20 17:21:43,104 - INFO: Remediated RBAC ClusterRole 'system:controller:generic-garbage-collector'
2023-09-20 17:22:27,512 - INFO: Remediated RBAC ClusterRole 'system:controller:horizontal-pod-autoscaler'
2023-09-20 17:23:51,821 - INFO: Remediated RBAC ClusterRole 'system:controller:job-controller'
2023-09-20 17:25:00,594 - INFO: Remediated RBAC ClusterRole 'system:controller:namespace-controller'
2023-09-20 17:25:36,651 - INFO: Remediated RBAC ClusterRole 'system:controller:node-controller'
2023-09-20 17:26:37,385 - INFO: Remediated RBAC ClusterRole 'system:controller:persistent-volume-binder'
2023-09-20 17:29:02,409 - INFO: Remediated RBAC ClusterRole 'system:controller:pod-garbage-collector'
2023-09-20 17:29:19,005 - INFO: Remediated RBAC ClusterRole 'system:controller:pv-protection-controller'
2023-09-20 17:29:55,626 - INFO: Remediated RBAC ClusterRole 'system:controller:pvc-protection-controller'
2023-09-20 17:30:44,110 - INFO: Remediated RBAC ClusterRole 'system:controller:replicaset-controller'
2023-09-20 17:32:15,208 - INFO: Remediated RBAC ClusterRole 'system:controller:replication-controller'
2023-09-20 17:33:19,568 - INFO: Remediated RBAC ClusterRole 'system:controller:resourcequota-controller'
2023-09-20 17:33:52,312 - INFO: Remediated RBAC ClusterRole 'system:controller:root-ca-cert-publisher'
2023-09-20 17:34:20,559 - INFO: Remediated RBAC ClusterRole 'system:controller:route-controller'
2023-09-20 17:34:52,688 - INFO: Remediated RBAC ClusterRole 'system:controller:service-account-controller'
2023-09-20 17:35:17,148 - INFO: Remediated RBAC ClusterRole 'system:controller:service-controller'
2023-09-20 17:36:05,342 - INFO: Remediated RBAC ClusterRole 'system:controller:statefulset-controller'
2023-09-20 17:37:51,111 - INFO: Remediated RBAC ClusterRole 'system:controller:ttl-after-finished-controller'
2023-09-20 17:38:28,405 - INFO: Remediated RBAC ClusterRole 'system:controller:ttl-controller'
2023-09-20 17:39:04,834 - INFO: Remediated RBAC ClusterRole 'system:discovery'
2023-09-20 17:39:45,261 - INFO: Remediated RBAC ClusterRole 'system:heapster'
2023-09-20 17:40:42,970 - INFO: Remediated RBAC ClusterRole 'system:kube-aggregator'
2023-09-20 17:41:05,403 - INFO: Remediated RBAC ClusterRole 'system:kube-controller-manager'
2023-09-20 17:42:48,231 - INFO: Remediated RBAC ClusterRole 'system:kube-dns'
2023-09-20 17:43:00,662 - INFO: Remediated RBAC ClusterRole 'system:kube-scheduler'
2023-09-20 17:47:16,346 - INFO: Remediated RBAC ClusterRole 'system:kubelet-api-admin'
2023-09-20 17:47:55,023 - INFO: Remediated RBAC ClusterRole 'system:monitoring'
2023-09-20 17:48:21,542 - INFO: Remediated RBAC ClusterRole 'system:node'
2023-09-20 17:52:25,697 - INFO: Remediated RBAC ClusterRole 'system:node-bootstrapper'
2023-09-20 17:52:37,945 - INFO: Remediated RBAC ClusterRole 'system:node-problem-detector'
2023-09-20 17:53:06,474 - INFO: Remediated RBAC ClusterRole 'system:node-proxier'
2023-09-20 17:54:03,120 - INFO: Remediated RBAC ClusterRole 'system:persistent-volume-provisioner'
2023-09-20 17:55:16,957 - INFO: Remediated RBAC ClusterRole 'system:public-info-viewer'
2023-09-20 17:55:33,687 - INFO: Remediated RBAC ClusterRole 'system:service-account-issuer-discovery'
2023-09-20 17:55:38,187 - INFO: Remediated RBAC ClusterRole 'system:volume-scheduler'
2023-09-20 17:56:37,433 - WARNING: Retrying (Retry(total=2, connect=None, read=None, redirect=None, status=None)) after connection broken by 'NewConnectionError('<urllib3.connection.HTTPSConnection object at 0x7fe2d8612590>: Failed to establish a new connection: [Errno 111] Connection refused')': /apis/rbac.authorization.k8s.io/v1/clusterroles/view
2023-09-20 17:56:38,047 - WARNING: Retrying (Retry(total=1, connect=None, read=None, redirect=None, status=None)) after connection broken by 'NewConnectionError('<urllib3.connection.HTTPSConnection object at 0x7fe2d83f2490>: Failed to establish a new connection: [Errno 111] Connection refused')': /apis/rbac.authorization.k8s.io/v1/clusterroles/view
2023-09-20 17:56:38,664 - WARNING: Retrying (Retry(total=0, connect=None, read=None, redirect=None, status=None)) after connection broken by 'NewConnectionError('<urllib3.connection.HTTPSConnection object at 0x7fe2d83f27d0>: Failed to establish a new connection: [Errno 111] Connection refused')': /apis/rbac.authorization.k8s.io/v1/clusterroles/view
2023-09-21 16:57:57,907 - INFO: Remediation script started.
2023-09-21 16:58:11,455 - WARNING: Retrying (Retry(total=2, connect=None, read=None, redirect=None, status=None)) after connection broken by 'NewConnectionError('<urllib3.connection.HTTPSConnection object at 0x7f212a487a50>: Failed to establish a new connection: [Errno -2] Name or service not known')': /api/v1/pods
2023-09-21 16:58:11,647 - WARNING: Retrying (Retry(total=1, connect=None, read=None, redirect=None, status=None)) after connection broken by 'NewConnectionError('<urllib3.connection.HTTPSConnection object at 0x7f212a48cb50>: Failed to establish a new connection: [Errno -2] Name or service not known')': /api/v1/pods
2023-09-21 16:58:11,823 - WARNING: Retrying (Retry(total=0, connect=None, read=None, redirect=None, status=None)) after connection broken by 'NewConnectionError('<urllib3.connection.HTTPSConnection object at 0x7f212a48d790>: Failed to establish a new connection: [Errno -2] Name or service not known')': /api/v1/pods
2023-09-21 21:13:44,087 - INFO: Remediation script started.
2023-09-21 21:13:53,181 - INFO: Remediated RBAC ClusterRole 'admin'
